<?xml version="1.0" encoding="UTF-8"?>
<!-- Generated by org.testng.reporters.JUnitXMLReporter -->
<testsuite ignored="0" hostname="LAPTOP-F06D79C3" failures="0" tests="4" name="Test" time="0.058" errors="0" timestamp="2020-07-24T14:55:36 IST">
  <testcase classname="Shwetank.NgHomepageTest" name="checkRegisterBtn" time="0.008"/>
  <testcase classname="Shwetank.NgHomepageTest" name="provideValuesinsearchbar" time="0.001"/>
  <testcase classname="Shwetank.NgHomepageTest" name="checkFeedbackbtn" time="0.001"/>
  <testcase classname="Shwetank.NgHomepageTest" name="checkSearchBar" time="0.001"/>
</testsuite> <!-- Test -->
