<?xml version="1.0" encoding="UTF-8"?>
<testng-results ignored="0" total="1" passed="1" failed="0" skipped="0">
  <reporter-output>
  </reporter-output>
  <suite started-at="2020-08-05T03:30:38 IST" name="Suite" finished-at="2020-08-05T03:31:46 IST" duration-ms="67576">
    <groups>
    </groups>
    <test started-at="2020-08-05T03:30:38 IST" name="Test" finished-at="2020-08-05T03:31:46 IST" duration-ms="67576">
      <class name="mainTestClass.ProductVersionTest">
        <test-method is-config="true" signature="openBrowser()[pri:0, instance:mainTestClass.ProductVersionTest@2177849e]" started-at="2020-08-05T03:30:39 IST" name="openBrowser" finished-at="2020-08-05T03:31:06 IST" duration-ms="27774" status="PASS">
          <reporter-output>
          </reporter-output>
        </test-method> <!-- openBrowser -->
        <test-method signature="checkRegisterBtn()[pri:0, instance:mainTestClass.ProductVersionTest@2177849e]" started-at="2020-08-05T03:31:06 IST" name="checkRegisterBtn" finished-at="2020-08-05T03:31:45 IST" duration-ms="38962" status="PASS">
          <reporter-output>
          </reporter-output>
        </test-method> <!-- checkRegisterBtn -->
        <test-method is-config="true" signature="AfterMethod()[pri:0, instance:mainTestClass.ProductVersionTest@2177849e]" started-at="2020-08-05T03:31:45 IST" name="AfterMethod" finished-at="2020-08-05T03:31:46 IST" duration-ms="760" status="PASS">
          <reporter-output>
          </reporter-output>
        </test-method> <!-- AfterMethod -->
      </class> <!-- mainTestClass.ProductVersionTest -->
    </test> <!-- Test -->
  </suite> <!-- Suite -->
</testng-results>
